0 info it worked if it ends with ok
1 verbose cli [ 'c:\\Program Files\\nodejs\\node.exe',
1 verbose cli   'c:\\Program Files\\nodejs\\node_modules\\npm\\bin\\npm-cli.js',
1 verbose cli   'i',
1 verbose cli   '-D',
1 verbose cli   'gulpif' ]
2 info using npm@1.4.28
3 info using node@v0.10.32
4 warn package.json prototype@1.0.0 No repository field.
5 verbose readDependencies using package.json deps
6 verbose cache add [ 'gulpif', null ]
7 verbose cache add name=undefined spec="gulpif" args=["gulpif",null]
8 verbose parsed url { protocol: null,
8 verbose parsed url   slashes: null,
8 verbose parsed url   auth: null,
8 verbose parsed url   host: null,
8 verbose parsed url   port: null,
8 verbose parsed url   hostname: null,
8 verbose parsed url   hash: null,
8 verbose parsed url   search: null,
8 verbose parsed url   query: null,
8 verbose parsed url   pathname: 'gulpif',
8 verbose parsed url   path: 'gulpif',
8 verbose parsed url   href: 'gulpif' }
9 silly lockFile 16107a3f-gulpif gulpif
10 verbose lock gulpif C:\Users\Danila\AppData\Roaming\npm-cache\16107a3f-gulpif.lock
11 silly lockFile 16107a3f-gulpif gulpif
12 silly lockFile 16107a3f-gulpif gulpif
13 verbose addNamed [ 'gulpif', '' ]
14 verbose addNamed [ null, '*' ]
15 silly lockFile 8b87e5c9-gulpif gulpif@
16 verbose lock gulpif@ C:\Users\Danila\AppData\Roaming\npm-cache\8b87e5c9-gulpif.lock
17 silly addNameRange { name: 'gulpif', range: '*', hasData: false }
18 verbose request where is /gulpif
19 verbose request registry https://registry.npmjs.org/
20 verbose request id 0752c78137976343
21 verbose url raw /gulpif
22 verbose url resolving [ 'https://registry.npmjs.org/', './gulpif' ]
23 verbose url resolved https://registry.npmjs.org/gulpif
24 verbose request where is https://registry.npmjs.org/gulpif
25 info trying registry request attempt 1 at 01:15:28
26 http GET https://registry.npmjs.org/gulpif
27 http 404 https://registry.npmjs.org/gulpif
28 verbose headers { date: 'Mon, 23 Mar 2015 22:15:33 GMT',
28 verbose headers   server: 'CouchDB/1.5.0 (Erlang OTP/R16B03)',
28 verbose headers   'content-type': 'application/json',
28 verbose headers   'cache-control': 'max-age=0',
28 verbose headers   'content-length': '51',
28 verbose headers   'accept-ranges': 'bytes',
28 verbose headers   via: '1.1 varnish',
28 verbose headers   age: '0',
28 verbose headers   'x-served-by': 'cache-fra1228-FRA',
28 verbose headers   'x-cache': 'MISS',
28 verbose headers   'x-cache-hits': '0',
28 verbose headers   'x-timer': 'S1427148932.930246,VS0,VE112',
28 verbose headers   'keep-alive': 'timeout=10, max=50',
28 verbose headers   connection: 'Keep-Alive' }
29 silly registry.get cb [ 404,
29 silly registry.get   { date: 'Mon, 23 Mar 2015 22:15:33 GMT',
29 silly registry.get     server: 'CouchDB/1.5.0 (Erlang OTP/R16B03)',
29 silly registry.get     'content-type': 'application/json',
29 silly registry.get     'cache-control': 'max-age=0',
29 silly registry.get     'content-length': '51',
29 silly registry.get     'accept-ranges': 'bytes',
29 silly registry.get     via: '1.1 varnish',
29 silly registry.get     age: '0',
29 silly registry.get     'x-served-by': 'cache-fra1228-FRA',
29 silly registry.get     'x-cache': 'MISS',
29 silly registry.get     'x-cache-hits': '0',
29 silly registry.get     'x-timer': 'S1427148932.930246,VS0,VE112',
29 silly registry.get     'keep-alive': 'timeout=10, max=50',
29 silly registry.get     connection: 'Keep-Alive' } ]
30 silly lockFile 8b87e5c9-gulpif gulpif@
31 silly lockFile 8b87e5c9-gulpif gulpif@
32 error 404 404 Not Found: gulpif
32 error 404
32 error 404 'gulpif' is not in the npm registry.
32 error 404 You should bug the author to publish it
32 error 404 It was specified as a dependency of 'prototype'
32 error 404
32 error 404 Note that you can also install from a
32 error 404 tarball, folder, or http url, or git url.
33 error System Windows_NT 6.2.9200
34 error command "c:\\Program Files\\nodejs\\node.exe" "c:\\Program Files\\nodejs\\node_modules\\npm\\bin\\npm-cli.js" "i" "-D" "gulpif"
35 error cwd d:\projects\prototype-for-slicing
36 error node -v v0.10.32
37 error npm -v 1.4.28
38 error code E404
39 verbose exit [ 1, true ]
